{"name": "test_add_and_remove_product", "status": "broken", "statusDetails": {"message": "selenium.common.exceptions.NoSuchElementException: Message: no such element: Unable to locate element: {\"method\":\"css selector\",\"selector\":\".shopping_cart_badge\"}\n  (Session info: chrome=143.0.7499.170); For documentation on this error, please visit: https://www.selenium.dev/documentation/webdriver/troubleshooting/errors#no-such-element-exception\nStacktrace:\nSymbols not available. Dumping unresolved backtrace:\n\t0x6012d3\n\t0x601314\n\t0x3ee6dd\n\t0x4393a5\n\t0x43977b\n\t0x480382\n\t0x45b534\n\t0x47db13\n\t0x45b2e6\n\t0x42d321\n\t0x42e1d4\n\t0x855314\n\t0x8508cb\n\t0x86d1aa\n\t0x61b1d8\n\t0x6231dd\n\t0x6095d8\n\t0x609799\n\t0x5f3b28\n\t0x75fc7ba9\n\t0x76f7c3ab\n\t0x76f7c32f", "trace": "browser = <selenium.webdriver.chrome.webdriver.WebDriver (session=\"d4b379059b2bc6080fc1cc68b40122bd\")>\n\n    def test_add_and_remove_product(browser):\n    \n        # Login\n        login_page = LoginPage(browser)\n        login_page.open_sauce_demo()\n        login_page.login(\"standard_user\", \"secret_sauce\")\n        time.sleep(2)\n    \n        # Add two products\n        products_page = ProductsPage(browser)\n        products_page.add_first_product()\n        time.sleep(2)\n        products_page.add_second_product()\n        time.sleep(2)\n    \n        # Verify cart count is 2\n>       assert products_page.get_cart_count() == 2\n               ^^^^^^^^^^^^^^^^^^^^^^^^^^^^^^\n\ntests\\test_cart_flow.py:22: \n_ _ _ _ _ _ _ _ _ _ _ _ _ _ _ _ _ _ _ _ _ _ _ _ _ _ _ _ _ _ _ _ _ _ _ _ _ _ _ _ _ _ _ _ _ _ _ _ _ _ _ _ _ _ _ _\npages\\products_page.py:24: in get_cart_count\n    self.driver.find_element(By.CLASS_NAME, \"shopping_cart_badge\").text\n    ^^^^^^^^^^^^^^^^^^^^^^^^^^^^^^^^^^^^^^^^^^^^^^^^^^^^^^^^^^^^^^\nC:\\Users\\Pradip\\AppData\\Local\\Programs\\Python\\Python312\\Lib\\site-packages\\selenium\\webdriver\\remote\\webdriver.py:748: in find_element\n    return self.execute(Command.FIND_ELEMENT, {\"using\": by, \"value\": value})[\"value\"]\n           ^^^^^^^^^^^^^^^^^^^^^^^^^^^^^^^^^^^^^^^^^^^^^^^^^^^^^^^^^^^^^^^^^\nC:\\Users\\Pradip\\AppData\\Local\\Programs\\Python\\Python312\\Lib\\site-packages\\selenium\\webdriver\\remote\\webdriver.py:354: in execute\n    self.error_handler.check_response(response)\n_ _ _ _ _ _ _ _ _ _ _ _ _ _ _ _ _ _ _ _ _ _ _ _ _ _ _ _ _ _ _ _ _ _ _ _ _ _ _ _ _ _ _ _ _ _ _ _ _ _ _ _ _ _ _ _\n\nself = <selenium.webdriver.remote.errorhandler.ErrorHandler object at 0x0000026A55CFA690>\nresponse = {'status': 404, 'value': '{\"value\":{\"error\":\"no such element\",\"message\":\"no such element: Unable to locate element: {\\...x61b1d8\\\\n\\\\t0x6231dd\\\\n\\\\t0x6095d8\\\\n\\\\t0x609799\\\\n\\\\t0x5f3b28\\\\n\\\\t0x75fc7ba9\\\\n\\\\t0x76f7c3ab\\\\n\\\\t0x76f7c32f\\\\n\"}}'}\n\n    def check_response(self, response: Dict[str, Any]) -> None:\n        \"\"\"Checks that a JSON response from the WebDriver does not have an\n        error.\n    \n        :Args:\n         - response - The JSON response from the WebDriver server as a dictionary\n           object.\n    \n        :Raises: If the response contains an error message.\n        \"\"\"\n        status = response.get(\"status\", None)\n        if not status or status == ErrorCode.SUCCESS:\n            return\n        value = None\n        message = response.get(\"message\", \"\")\n        screen: str = response.get(\"screen\", \"\")\n        stacktrace = None\n        if isinstance(status, int):\n            value_json = response.get(\"value\", None)\n            if value_json and isinstance(value_json, str):\n                import json\n    \n                try:\n                    value = json.loads(value_json)\n                    if len(value) == 1:\n                        value = value[\"value\"]\n                    status = value.get(\"error\", None)\n                    if not status:\n                        status = value.get(\"status\", ErrorCode.UNKNOWN_ERROR)\n                        message = value.get(\"value\") or value.get(\"message\")\n                        if not isinstance(message, str):\n                            value = message\n                            message = message.get(\"message\")\n                    else:\n                        message = value.get(\"message\", None)\n                except ValueError:\n                    pass\n    \n        exception_class: Type[WebDriverException]\n        e = ErrorCode()\n        error_codes = [item for item in dir(e) if not item.startswith(\"__\")]\n        for error_code in error_codes:\n            error_info = getattr(ErrorCode, error_code)\n            if isinstance(error_info, list) and status in error_info:\n                exception_class = getattr(ExceptionMapping, error_code, WebDriverException)\n                break\n        else:\n            exception_class = WebDriverException\n    \n        if not value:\n            value = response[\"value\"]\n        if isinstance(value, str):\n            raise exception_class(value)\n        if message == \"\" and \"message\" in value:\n            message = value[\"message\"]\n    \n        screen = None  # type: ignore[assignment]\n        if \"screen\" in value:\n            screen = value[\"screen\"]\n    \n        stacktrace = None\n        st_value = value.get(\"stackTrace\") or value.get(\"stacktrace\")\n        if st_value:\n            if isinstance(st_value, str):\n                stacktrace = st_value.split(\"\\n\")\n            else:\n                stacktrace = []\n                try:\n                    for frame in st_value:\n                        line = frame.get(\"lineNumber\", \"\")\n                        file = frame.get(\"fileName\", \"<anonymous>\")\n                        if line:\n                            file = f\"{file}:{line}\"\n                        meth = frame.get(\"methodName\", \"<anonymous>\")\n                        if \"className\" in frame:\n                            meth = f\"{frame['className']}.{meth}\"\n                        msg = \"    at %s (%s)\"\n                        msg = msg % (meth, file)\n                        stacktrace.append(msg)\n                except TypeError:\n                    pass\n        if exception_class == UnexpectedAlertPresentException:\n            alert_text = None\n            if \"data\" in value:\n                alert_text = value[\"data\"].get(\"text\")\n            elif \"alert\" in value:\n                alert_text = value[\"alert\"].get(\"text\")\n            raise exception_class(message, screen, stacktrace, alert_text)  # type: ignore[call-arg]  # mypy is not smart enough here\n>       raise exception_class(message, screen, stacktrace)\nE       selenium.common.exceptions.NoSuchElementException: Message: no such element: Unable to locate element: {\"method\":\"css selector\",\"selector\":\".shopping_cart_badge\"}\nE         (Session info: chrome=143.0.7499.170); For documentation on this error, please visit: https://www.selenium.dev/documentation/webdriver/troubleshooting/errors#no-such-element-exception\nE       Stacktrace:\nE       Symbols not available. Dumping unresolved backtrace:\nE       \t0x6012d3\nE       \t0x601314\nE       \t0x3ee6dd\nE       \t0x4393a5\nE       \t0x43977b\nE       \t0x480382\nE       \t0x45b534\nE       \t0x47db13\nE       \t0x45b2e6\nE       \t0x42d321\nE       \t0x42e1d4\nE       \t0x855314\nE       \t0x8508cb\nE       \t0x86d1aa\nE       \t0x61b1d8\nE       \t0x6231dd\nE       \t0x6095d8\nE       \t0x609799\nE       \t0x5f3b28\nE       \t0x75fc7ba9\nE       \t0x76f7c3ab\nE       \t0x76f7c32f\n\nC:\\Users\\Pradip\\AppData\\Local\\Programs\\Python\\Python312\\Lib\\site-packages\\selenium\\webdriver\\remote\\errorhandler.py:229: NoSuchElementException"}, "attachments": [{"name": "stdout", "source": "5698ecad-3f40-4803-b97c-dd7f5ae9752b-attachment.txt", "type": "text/plain"}], "start": 1767518325923, "stop": 1767518337928, "uuid": "d664a73a-abaa-4254-a3c6-62685c7bc17c", "historyId": "18f7c64d23b7b107d2999eeb67fa95f5", "testCaseId": "18f7c64d23b7b107d2999eeb67fa95f5", "fullName": "tests.test_cart_flow#test_add_and_remove_product", "labels": [{"name": "parentSuite", "value": "tests"}, {"name": "suite", "value": "test_cart_flow"}, {"name": "host", "value": "User"}, {"name": "thread", "value": "16444-MainThread"}, {"name": "framework", "value": "pytest"}, {"name": "language", "value": "cpython3"}, {"name": "package", "value": "tests.test_cart_flow"}], "titlePath": ["tests", "test_cart_flow.py"]}